<?xml version="1.0" encoding="UTF-8" ?>
<testsuite errors="0" failures="0" hostname="NongPoohNaKab" name="RationalTest" skipped="0" tests="12" time="0.081" timestamp="2022-09-12T04:30:30">
  <properties>
[...]
</properties>
  <testcase classname="RationalTest" name="testEquals2" time="0.012" />
  <testcase classname="RationalTest" name="testEquals3" time="0.001" />
  <testcase classname="RationalTest" name="testEquals4" time="0.0" />
  <testcase classname="RationalTest" name="testCompareTo2" time="0.001" />
  <testcase classname="RationalTest" name="testCompareTo3" time="0.0" />
  <testcase classname="RationalTest" name="testAdd" time="0.0" />
  <testcase classname="RationalTest" name="testSubtract" time="0.001" />
  <testcase classname="RationalTest" name="testToString" time="0.005" />
  <testcase classname="RationalTest" name="testCompareTo" time="0.001" />
  <testcase classname="RationalTest" name="testDivide" time="0.0" />
  <testcase classname="RationalTest" name="testEquals" time="0.001" />
  <testcase classname="RationalTest" name="testMultiply" time="0.0" />
  <system-out><![CDATA[]]></system-out>
  <system-err><![CDATA[]]></system-err>
</testsuite>
