<?xml version="1.0" encoding="UTF-8" ?>
<testsuite tests="12" failures="0" name="RationalTest" time="0.01" errors="0" skipped="0">
  <properties>
[...]
</properties>
  <testcase classname="RationalTest" name="testEquals2" time="0.008"/>
  <testcase classname="RationalTest" name="testEquals3" time="0"/>
  <testcase classname="RationalTest" name="testEquals4" time="0"/>
  <testcase classname="RationalTest" name="testCompareTo2" time="0"/>
  <testcase classname="RationalTest" name="testCompareTo3" time="0"/>
  <testcase classname="RationalTest" name="testAdd" time="0"/>
  <testcase classname="RationalTest" name="testSubtract" time="0"/>
  <testcase classname="RationalTest" name="testToString" time="0.001"/>
  <testcase classname="RationalTest" name="testCompareTo" time="0"/>
  <testcase classname="RationalTest" name="testDivide" time="0.001"/>
  <testcase classname="RationalTest" name="testEquals" time="0"/>
  <testcase classname="RationalTest" name="testMultiply" time="0"/>
</testsuite>